<?xml version="1.0" encoding="UTF-8"?>
<testsuite name="CART API.TESTS - create new cart" tests="1" failures="0" errors="0" time="0.432"><properties><property name="soapui.properties" value="soapui.properties"/><property name="java.runtime.name" value="Java(TM) SE Runtime Environment"/><property name="sun.boot.library.path" value="/opt/SoapUI-5.2.1/jre/lib/amd64"/><property name="java.vm.version" value="24.55-b03"/><property name="soapui.ext.actions" value="/opt/SoapUI-5.2.1/bin/actions"/><property name="soapui.ext.libraries" value="/opt/SoapUI-5.2.1/bin/ext"/><property name="java.vm.vendor" value="Oracle Corporation"/><property name="java.vendor.url" value="http://java.oracle.com/"/><property name="path.separator" value=":"/><property name="java.vm.name" value="Java HotSpot(TM) 64-Bit Server VM"/><property name="file.encoding.pkg" value="sun.io"/><property name="user.country" value="US"/><property name="sun.java.launcher" value="SUN_STANDARD"/><property name="sun.os.patch.level" value="unknown"/><property name="java.vm.specification.name" value="Java Virtual Machine Specification"/><property name="user.dir" value="/var/www/cart-microservice"/><property name="java.runtime.version" value="1.7.0_55-b13"/><property name="java.awt.graphicsenv" value="sun.awt.X11GraphicsEnvironment"/><property name="java.endorsed.dirs" value="/opt/SoapUI-5.2.1/jre/lib/endorsed"/><property name="os.arch" value="amd64"/><property name="java.io.tmpdir" value="/tmp"/><property name="line.separator" value="
"/><property name="java.vm.specification.vendor" value="Oracle Corporation"/><property name="os.name" value="Linux"/><property name="sun.jnu.encoding" value="ANSI_X3.4-1968"/><property name="java.library.path" value="/usr/java/packages/lib/amd64:/usr/lib64:/lib64:/lib:/usr/lib"/><property name="soapui.home" value="/opt/SoapUI-5.2.1/bin"/><property name="sun.awt.enableExtraMouseButtons" value="true"/><property name="java.specification.name" value="Java Platform API Specification"/><property name="java.class.version" value="51.0"/><property name="sun.management.compiler" value="HotSpot 64-Bit Tiered Compilers"/><property name="os.version" value="3.13.0-96-generic"/><property name="user.home" value="/root"/><property name="user.timezone" value="Europe/Paris"/><property name="java.awt.printerjob" value="sun.print.PSPrinterJob"/><property name="file.encoding" value="ANSI_X3.4-1968"/><property name="java.specification.version" value="1.7"/><property name="java.class.path" value="/opt/SoapUI-5.2.1/jre/lib/jfxrt.jar:/opt/SoapUI-5.2.1/bin/soapui-5.2.1.jar:/opt/SoapUI-5.2.1/lib/httpclient-cache-4.1.1.jar:/opt/SoapUI-5.2.1/lib/flex-messaging-core-1.0.jar:/opt/SoapUI-5.2.1/lib/xalan-2.7.1.jar:/opt/SoapUI-5.2.1/lib/jetty-6.1.26.jar:/opt/SoapUI-5.2.1/lib/junit-4.11.jar:/opt/SoapUI-5.2.1/lib/json-lib-2.2.2-jdk15.jar:/opt/SoapUI-5.2.1/lib/nekohtml-1.9.14.jar:/opt/SoapUI-5.2.1/lib/serializer-2.7.1.jar:/opt/SoapUI-5.2.1/lib/xbean_xpath-2.4.0.jar:/opt/SoapUI-5.2.1/lib/rsyntaxtextarea-2.5.0.jar:/opt/SoapUI-5.2.1/lib/activation-1.1.jar:/opt/SoapUI-5.2.1/lib/cssparser-0.9.5.jar:/opt/SoapUI-5.2.1/lib/ws-commons-util-1.0.2.jar:/opt/SoapUI-5.2.1/lib/l2fprod-common-fontchooser-7.3.jar:/opt/SoapUI-5.2.1/lib/out-app-analytics-provider-5.2.1.jar:/opt/SoapUI-5.2.1/lib/httpclient-4.1.1.jar:/opt/SoapUI-5.2.1/lib/jtidy-r872-jdk15.jar:/opt/SoapUI-5.2.1/lib/saxon-dom-9.1.0.8j.jar:/opt/SoapUI-5.2.1/lib/xmlpublic-2.4.0.jar:/opt/SoapUI-5.2.1/lib/httpcore-nio-4.1.1.jar:/opt/SoapUI-5.2.1/lib/commons-collections-3.2.1.jar:/opt/SoapUI-5.2.1/lib/commons-lang-2.4.jar:/opt/SoapUI-5.2.1/lib/commons-httpclient-3.1.jar:/opt/SoapUI-5.2.1/lib/org.apache.oltu.oauth2.common-0.31.jar:/opt/SoapUI-5.2.1/lib/jms-1.1.jar:/opt/SoapUI-5.2.1/lib/swingx-soapui.jar:/opt/SoapUI-5.2.1/lib/jcifs-1.2.9.jar:/opt/SoapUI-5.2.1/lib/jettison-1.2.jar:/opt/SoapUI-5.2.1/lib/sac-1.3.jar:/opt/SoapUI-5.2.1/lib/groovy-all-2.1.7.jar:/opt/SoapUI-5.2.1/lib/reflections-0.9.9-RC1.jar:/opt/SoapUI-5.2.1/lib/commons-beanutils-1.7.0.jar:/opt/SoapUI-5.2.1/lib/slf4j-nop-1.7.21.jar:/opt/SoapUI-5.2.1/lib/wsdl4j-1.6.2-fixed.jar:/opt/SoapUI-5.2.1/lib/dom4j-1.6.1.jar:/opt/SoapUI-5.2.1/lib/log4j-1.2.14.jar:/opt/SoapUI-5.2.1/lib/json-smart-1.2.jar:/opt/SoapUI-5.2.1/lib/htmlunit-2.7.jar:/opt/SoapUI-5.2.1/lib/analytics-core-5.2.1.jar:/opt/SoapUI-5.2.1/lib/forms-1.0.7.jar:/opt/SoapUI-5.2.1/lib/slf4j-api-1.7.21.jar:/opt/SoapUI-5.2.1/lib/jdom-1.0.jar:/opt/SoapUI-5.2.1/lib/saxon-9.1.0.8j.jar:/opt/SoapUI-5.2.1/lib/xmltooling-1.3.2-1.jar:/opt/SoapUI-5.2.1/lib/xbean-fixed-2.4.0.jar:/opt/SoapUI-5.2.1/lib/joda-time-1.6.2.jar:/opt/SoapUI-5.2.1/lib/json-path-0.9.1.jar:/opt/SoapUI-5.2.1/lib/animal-sniffer-annotations-1.11.jar:/opt/SoapUI-5.2.1/lib/openws-1.4.2-1.jar:/opt/SoapUI-5.2.1/lib/l2fprod-common-directorychooser-7.3.jar:/opt/SoapUI-5.2.1/lib/looks-2.2.0.jar:/opt/SoapUI-5.2.1/lib/guava-14.0.jar:/opt/SoapUI-5.2.1/lib/jsr173_api-1.0.jar:/opt/SoapUI-5.2.1/lib/servlet-api-2.5-20081211.jar:/opt/SoapUI-5.2.1/lib/opensaml-2.5.1-1.jar:/opt/SoapUI-5.2.1/lib/flex-messaging-proxy-1.0.jar:/opt/SoapUI-5.2.1/lib/htmlunit-core-js-2.7.jar:/opt/SoapUI-5.2.1/lib/not-yet-commons-ssl-0.3.11.jar:/opt/SoapUI-5.2.1/lib/wss4j-1.6.16.jar:/opt/SoapUI-5.2.1/lib/org.apache.oltu.oauth2.httpclient4-0.31.jar:/opt/SoapUI-5.2.1/lib/mail-1.4.jar:/opt/SoapUI-5.2.1/lib/i4jruntime-5.1.14.jar:/opt/SoapUI-5.2.1/lib/xml-apis-2.9.1.jar:/opt/SoapUI-5.2.1/lib/js-1.7R2.jar:/opt/SoapUI-5.2.1/lib/proxy-vole-20131209.jar:/opt/SoapUI-5.2.1/lib/xml-apis-1.3.04.jar:/opt/SoapUI-5.2.1/lib/cajo-1.142.jar:/opt/SoapUI-5.2.1/lib/maven-plugin-api-2.0.jar:/opt/SoapUI-5.2.1/lib/xom-1.1.jar:/opt/SoapUI-5.2.1/lib/httpmime-4.1.1.jar:/opt/SoapUI-5.2.1/lib/hamcrest-core-1.3.jar:/opt/SoapUI-5.2.1/lib/commons-cli-1.2.jar:/opt/SoapUI-5.2.1/lib/xmlsec-1.4.5.jar:/opt/SoapUI-5.2.1/lib/binding-2.0.1.jar:/opt/SoapUI-5.2.1/lib/httpcore-4.1.1.jar:/opt/SoapUI-5.2.1/lib/ezmorph-1.0.5.jar:/opt/SoapUI-5.2.1/lib/xmlParserAPIs-2.6.2.jar:/opt/SoapUI-5.2.1/lib/javassist-3.16.1-GA.jar:/opt/SoapUI-5.2.1/lib/flex-messaging-common-1.0.jar:/opt/SoapUI-5.2.1/lib/flex-messaging-opt-1.0.jar:/opt/SoapUI-5.2.1/lib/jaxen-1.1-beta-8.jar:/opt/SoapUI-5.2.1/lib/flex-messaging-remoting-1.0.jar:/opt/SoapUI-5.2.1/lib/org.apache.oltu.oauth2.client-0.31.jar:/opt/SoapUI-5.2.1/lib/commons-codec-1.3.jar:/opt/SoapUI-5.2.1/lib/hermes-1.14.jar:/opt/SoapUI-5.2.1/lib/bcprov-jdk15-144.jar:/opt/SoapUI-5.2.1/lib/jetty-util-6.1.26.jar:/opt/SoapUI-5.2.1/lib/xercesImpl-2.9.1.jar:/opt/SoapUI-5.2.1/lib/commons-io-2.4.jar:/opt/SoapUI-5.2.1/lib/xstream-1.3.1.jar:/opt/SoapUI-5.2.1/lib/xmlunit-1.2.jar:/opt/SoapUI-5.2.1/lib/commons-logging-1.1.1.jar"/><property name="user.name" value="root"/><property name="soapui.ext.listeners" value="/opt/SoapUI-5.2.1/bin/listeners"/><property name="java.vm.specification.version" value="1.7"/><property name="sun.java.command" value="com.eviware.soapui.tools.SoapUITestCaseRunner -sTESTS - create new cart -cnew cart -j -f tests/soapui/report/ tests/soapui/CART-API-soapui-project.xml"/><property name="java.home" value="/opt/SoapUI-5.2.1/jre"/><property name="sun.arch.data.model" value="64"/><property name="groovy.source.encoding" value="iso-8859-1"/><property name="user.language" value="en"/><property name="java.specification.vendor" value="Oracle Corporation"/><property name="awt.toolkit" value="sun.awt.X11.XToolkit"/><property name="java.vm.info" value="mixed mode"/><property name="java.version" value="1.7.0_55"/><property name="java.ext.dirs" value="/opt/SoapUI-5.2.1/jre/lib/ext:/usr/java/packages/lib/ext"/><property name="sun.boot.class.path" value="/opt/SoapUI-5.2.1/jre/lib/resources.jar:/opt/SoapUI-5.2.1/jre/lib/rt.jar:/opt/SoapUI-5.2.1/jre/lib/sunrsasign.jar:/opt/SoapUI-5.2.1/jre/lib/jsse.jar:/opt/SoapUI-5.2.1/jre/lib/jce.jar:/opt/SoapUI-5.2.1/jre/lib/charsets.jar:/opt/SoapUI-5.2.1/jre/lib/jfr.jar:/opt/SoapUI-5.2.1/jre/classes"/><property name="java.vendor" value="Oracle Corporation"/><property name="file.separator" value="/"/><property name="java.vendor.url.bug" value="http://bugreport.sun.com/bugreport/"/><property name="sun.font.fontmanager" value="sun.awt.X11FontManager"/><property name="sun.io.unicode.encoding" value="UnicodeLittle"/><property name="sun.cpu.endian" value="little"/><property name="sun.cpu.isalist" value=""/></properties><testcase name="new cart" time="0.432"/></testsuite>